<?xml version="1.0" encoding="UTF-8"?>
<!-- Generated by org.testng.reporters.JUnitReportReporter -->
<testsuite name="com.samsclub.qa.SearchItemTest" tests="2" time="0.272" ignored="0" failures="0" timestamp="07 Feb 2017 23:42:02 GMT" skipped="0" hostname="m-C02RR2HJG8WM.local" errors="0">
  <testcase name="searchByName" time="0.108" classname="com.samsclub.qa.SearchItemTest"/>
  <testcase name="searchByItemNumber" time="0.164" classname="com.samsclub.qa.SearchItemTest"/>
</testsuite> <!-- com.samsclub.qa.SearchItemTest -->
